2018-09-04 10:23:07
**************************************************
Message-ID: <9cdb4f0542500089d326188bdae91608@swift.generated>
Date: Tue, 04 Sep 2018 10:23:07 +0000
Subject: =?utf-8?Q?=E6=AC=A2=E8=BF=8E=E5=8A=A0=E5=85=A5?=
 =?utf-8?Q?=E5=85=A8=E6=A0=881=E7=8F=AD?=
From: =?utf-8?Q?=E5=85=A8=E6=A0=881=E7=8F=AD?= <hei_time@126.com>
To: 457340 <457340@qqq.com>
MIME-Version: 1.0
Content-Type: text/html; charset=utf-8
Content-Transfer-Encoding: quoted-printable

=E7=82=B9=E5=87=BB=E4=BB=A5=E4=B8=8B=E9=93=BE=E6=8E=A5=E8=BF=9B=E8=A1=8C=
=E6=BF=80=E6=B4=BB=EF=BC=9A<br> <a href=3D''>=E7=82=B9=E5=87=BB=E6=BF=80=
=E6=B4=BB</a>=E3=80=82
2018-09-04 10:23:31
**************************************************
Message-ID: <2f26cdcd15461176824dd0b3b2298b8e@swift.generated>
Date: Tue, 04 Sep 2018 10:23:31 +0000
Subject: =?utf-8?Q?=E6=AC=A2=E8=BF=8E=E5=8A=A0=E5=85=A5?=
 =?utf-8?Q?=E5=85=A8=E6=A0=881=E7=8F=AD?=
From: =?utf-8?Q?=E5=85=A8=E6=A0=881=E7=8F=AD?= <hei_time@126.com>
To: 457340 <457340@qqq.com>
MIME-Version: 1.0
Content-Type: text/html; charset=utf-8
Content-Transfer-Encoding: quoted-printable

=E7=82=B9=E5=87=BB=E4=BB=A5=E4=B8=8B=E9=93=BE=E6=8E=A5=E8=BF=9B=E8=A1=8C=
=E6=BF=80=E6=B4=BB=EF=BC=9A<br> <a href=3D''>=E7=82=B9=E5=87=BB=E6=BF=80=
=E6=B4=BB</a>=E3=80=82
2018-09-04 12:47:38
**************************************************
Message-ID: <4bba11455ab00fc626f9f19446297d36@swift.generated>
Date: Tue, 04 Sep 2018 12:47:38 +0000
Subject: =?utf-8?Q?=E5=93=87=E5=8B=92=E5=93=87=E6=BB=9A?=
 =?utf-8?Q?=E7=AD=92=E6=B4=97=E8=A1=A3=E6=9C=BA?=
From: =?utf-8?Q?=E5=85=A8=E6=A0=881=E7=8F=AD?= <hei_time@126.com>
To: 457340 <457340@qq.com>
MIME-Version: 1.0
Content-Type: text/html; charset=utf-8
Content-Transfer-Encoding: quoted-printable

=E7=82=B9=E5=87=BB=E4=BB=A5=E4=B8=8B=E9=93=BE=E6=8E=A5=E8=BF=9B=E8=A1=8C=
=E6=BF=80=E6=B4=BB=EF=BC=9A<br> <a href=3D'http://localhost:9999/user/activ=
e_user?code=3D6f4b7fd3eea0af87f9990faa8e3287f1'>=E7=82=B9=E5=87=BB=E6=BF=
=80=E6=B4=BB</a>=E3=80=82
