2018-09-12 07:53:33
========================================================================================================================
调用了notify

2018-09-12 07:53:33
========================================================================================================================
数据库更新完毕

2018-09-12 08:02:25
========================================================================================================================
调用了notify

2018-09-12 08:02:25
========================================================================================================================
执行了try

2018-09-12 08:02:25
========================================================================================================================
数据库更新完毕

2018-09-12 08:02:33
========================================================================================================================
调用了notify

2018-09-12 08:02:33
========================================================================================================================
执行了try

